<?xml version="1.0" encoding="UTF-8"?>
<!-- Generated by org.testng.reporters.JUnitXMLReporter -->
<testsuite ignored="0" hostname="DESKTOP-OJM9SKA" failures="0" tests="6" name="Default test" time="170.019" errors="0" timestamp="26 Dec 2023 17:02:45 GMT">
  <testcase classname="com.clinic.testcases.TestCase_SignIn" name="signIn_TC1" time="12.517"/>
  <testcase classname="com.clinic.testcases.TestCase_SignIn" name="signIn_TC2" time="10.009"/>
  <testcase classname="com.clinic.testcases.TestCase_SignIn" name="signIn_TC3" time="9.609"/>
  <testcase classname="com.clinic.testcases.TestCase_SignIn" name="signIn_TC4" time="9.797"/>
  <testcase classname="com.clinic.testcases.TestCase_SignIn" name="signIn_TC5" time="10.363"/>
  <testcase classname="com.clinic.testcases.TestCase_SignIn" name="signIn_TC6" time="10.121"/>
</testsuite> <!-- Default test -->
