<?xml version="1.0" encoding="UTF-8"?>
<!-- Generated by org.testng.reporters.JUnitXMLReporter -->
<testsuite ignored="0" hostname="DESKTOP-OJM9SKA" failures="0" tests="6" name="Test" time="1.835" errors="0" timestamp="26 Dec 2023 16:56:56 GMT">
  <testcase classname="com.clinic.testcases.TestCase_SignIn" name="@BeforeMethod beforeMethod" time="0.0">
    <failure type="java.lang.NullPointerException" message="Cannot invoke &amp;quot;org.openqa.selenium.WebDriver.manage()&amp;quot; because &amp;quot;this.driver&amp;quot; is null">
      <![CDATA[java.lang.NullPointerException: Cannot invoke "org.openqa.selenium.WebDriver.manage()" because "this.driver" is null
	at com.clinic.testcases.TestCase_SignIn.beforeMethod(TestCase_SignIn.java:39)
... Removed 27 stack frames]]>
    </failure>
  </testcase> <!-- @BeforeMethod beforeMethod -->
  <testcase classname="com.clinic.testcases.TestCase_SignIn" name="@AfterMethod afterMethod" time="0.0">
    <skipped/>
  </testcase> <!-- @AfterMethod afterMethod -->
  <testcase classname="com.clinic.testcases.TestCase_SignIn" name="@BeforeMethod beforeMethod" time="0.0">
    <skipped/>
  </testcase> <!-- @BeforeMethod beforeMethod -->
  <testcase classname="com.clinic.testcases.TestCase_SignIn" name="@AfterMethod afterMethod" time="0.0">
    <skipped/>
  </testcase> <!-- @AfterMethod afterMethod -->
  <testcase classname="com.clinic.testcases.TestCase_SignIn" name="@BeforeMethod beforeMethod" time="0.0">
    <skipped/>
  </testcase> <!-- @BeforeMethod beforeMethod -->
  <testcase classname="com.clinic.testcases.TestCase_SignIn" name="@AfterMethod afterMethod" time="0.0">
    <skipped/>
  </testcase> <!-- @AfterMethod afterMethod -->
  <testcase classname="com.clinic.testcases.TestCase_SignIn" name="@BeforeMethod beforeMethod" time="0.0">
    <skipped/>
  </testcase> <!-- @BeforeMethod beforeMethod -->
  <testcase classname="com.clinic.testcases.TestCase_SignIn" name="@AfterMethod afterMethod" time="0.0">
    <skipped/>
  </testcase> <!-- @AfterMethod afterMethod -->
  <testcase classname="com.clinic.testcases.TestCase_SignIn" name="@BeforeMethod beforeMethod" time="0.0">
    <skipped/>
  </testcase> <!-- @BeforeMethod beforeMethod -->
  <testcase classname="com.clinic.testcases.TestCase_SignIn" name="@AfterMethod afterMethod" time="0.0">
    <skipped/>
  </testcase> <!-- @AfterMethod afterMethod -->
  <testcase classname="com.clinic.testcases.TestCase_SignIn" name="@BeforeMethod beforeMethod" time="0.0">
    <skipped/>
  </testcase> <!-- @BeforeMethod beforeMethod -->
  <testcase classname="com.clinic.testcases.TestCase_SignIn" name="@AfterMethod afterMethod" time="0.0">
    <skipped/>
  </testcase> <!-- @AfterMethod afterMethod -->
  <testcase classname="com.clinic.testcases.TestCase_SignIn" name="signIn_TC1" time="0.009">
    <skipped/>
  </testcase> <!-- signIn_TC1 -->
  <testcase classname="com.clinic.testcases.TestCase_SignIn" name="signIn_TC2" time="0.005">
    <skipped/>
  </testcase> <!-- signIn_TC2 -->
  <testcase classname="com.clinic.testcases.TestCase_SignIn" name="signIn_TC3" time="0.004">
    <skipped/>
  </testcase> <!-- signIn_TC3 -->
  <testcase classname="com.clinic.testcases.TestCase_SignIn" name="signIn_TC4" time="0.005">
    <skipped/>
  </testcase> <!-- signIn_TC4 -->
  <testcase classname="com.clinic.testcases.TestCase_SignIn" name="signIn_TC5" time="0.005">
    <skipped/>
  </testcase> <!-- signIn_TC5 -->
  <testcase classname="com.clinic.testcases.TestCase_SignIn" name="signIn_TC6" time="0.008">
    <skipped/>
  </testcase> <!-- signIn_TC6 -->
</testsuite> <!-- Test -->
