<?xml version="1.0" encoding="UTF-8"?>
<!-- Generated by org.testng.reporters.JUnitXMLReporter -->
<testsuite ignored="0" hostname="DESKTOP-OJM9SKA" failures="0" tests="6" name="Test" time="164.891" errors="0" timestamp="27 Dec 2023 01:34:45 GMT">
  <testcase classname="com.clinic.testcases.TestCase_SignIn" name="signIn_TC1" time="12.366"/>
  <testcase classname="com.clinic.testcases.TestCase_SignIn" name="signIn_TC2" time="9.835"/>
  <testcase classname="com.clinic.testcases.TestCase_SignIn" name="signIn_TC3" time="13.454"/>
  <testcase classname="com.clinic.testcases.TestCase_SignIn" name="signIn_TC4" time="10.117"/>
  <testcase classname="com.clinic.testcases.TestCase_SignIn" name="signIn_TC5" time="10.123"/>
  <testcase classname="com.clinic.testcases.TestCase_SignIn" name="signIn_TC6" time="9.849"/>
</testsuite> <!-- Test -->
