<?xml version="1.0" encoding="UTF-8"?>
<!-- Generated by org.testng.reporters.JUnitXMLReporter -->
<testsuite ignored="0" hostname="DESKTOP-OJM9SKA" failures="0" tests="6" name="Test" time="174.664" errors="0" timestamp="27 Dec 2023 02:27:50 GMT">
  <testcase classname="com.clinic.testcases.TestCase_SignIn" name="signIn_TC1" time="12.637"/>
  <testcase classname="com.clinic.testcases.TestCase_SignIn" name="signIn_TC2" time="12.811"/>
  <testcase classname="com.clinic.testcases.TestCase_SignIn" name="signIn_TC3" time="10.232"/>
  <testcase classname="com.clinic.testcases.TestCase_SignIn" name="signIn_TC4" time="9.53"/>
  <testcase classname="com.clinic.testcases.TestCase_SignIn" name="signIn_TC5" time="9.859"/>
  <testcase classname="com.clinic.testcases.TestCase_SignIn" name="signIn_TC6" time="10.496"/>
</testsuite> <!-- Test -->
