<?xml version="1.0" encoding="UTF-8"?>
<!-- Generated by org.testng.reporters.JUnitXMLReporter -->
<testsuite ignored="0" hostname="DESKTOP-OJM9SKA" failures="1" tests="1" name="Test" time="20.154" errors="0" timestamp="23 Dec 2023 08:01:23 GMT">
  <testcase classname="com.clinic.testcases.TestCase_SignIn" name="signIn_TC1" time="0.102">
    <failure type="java.io.FileNotFoundException" message="C:\Users\HUY.NX183556\java\eclipse\workspace\DoAn_2023\src\main\java\com\clinic\testData\Test_Data.xlsx (The process cannot access the file because it is being used by another process)">
      <![CDATA[java.io.FileNotFoundException: C:\Users\HUY.NX183556\java\eclipse\workspace\DoAn_2023\src\main\java\com\clinic\testData\Test_Data.xlsx (The process cannot access the file because it is being used by another process)
	at java.base/java.io.FileOutputStream.open0(Native Method)
	at java.base/java.io.FileOutputStream.open(FileOutputStream.java:293)
	at java.base/java.io.FileOutputStream.<init>(FileOutputStream.java:235)
	at java.base/java.io.FileOutputStream.<init>(FileOutputStream.java:123)
	at com.clinic.configuration.ExcelUtils.setCellData(ExcelUtils.java:77)
	at com.clinic.testcases.TestCase_SignIn.signIn_TC1(TestCase_SignIn.java:52)
... Removed 29 stack frames]]>
    </failure>
  </testcase> <!-- signIn_TC1 -->
</testsuite> <!-- Test -->
