<?xml version="1.0" encoding="UTF-8"?>
<testng-results ignored="0" total="6" passed="6" failed="0" skipped="0">
  <reporter-output>
    <line>
      <![CDATA[Sign in action successfully performed]]>
    </line>
    <line>
      <![CDATA[Sign in action is not successfully performed]]>
    </line>
    <line>
      <![CDATA[Sign in action is not successfully performed]]>
    </line>
    <line>
      <![CDATA[Sign in action is not successfully performed]]>
    </line>
    <line>
      <![CDATA[Sign in action is not successfully performed]]>
    </line>
    <line>
      <![CDATA[Sign in action is not successfully performed]]>
    </line>
  </reporter-output>
  <suite started-at="2023-12-27T02:24:55Z" name="Suite" finished-at="2023-12-27T02:27:49Z" duration-ms="174664">
    <groups>
    </groups>
    <test started-at="2023-12-27T02:24:55Z" name="Test" finished-at="2023-12-27T02:27:49Z" duration-ms="174664">
      <class name="com.clinic.testcases.TestCase_SignIn">
        <test-method is-config="true" signature="beforeMethod()[pri:0, instance:com.clinic.testcases.TestCase_SignIn@2cdd0d4b]" started-at="2023-12-27T09:24:55Z" name="beforeMethod" finished-at="2023-12-27T09:25:13Z" duration-ms="18361" status="PASS">
          <reporter-output>
          </reporter-output>
        </test-method> <!-- beforeMethod -->
        <test-method signature="signIn_TC1()[pri:1, instance:com.clinic.testcases.TestCase_SignIn@2cdd0d4b]" started-at="2023-12-27T09:25:13Z" name="signIn_TC1" finished-at="2023-12-27T09:25:26Z" duration-ms="12637" status="PASS">
          <reporter-output>
            <line>
              <![CDATA[Sign in action successfully performed]]>
            </line>
          </reporter-output>
        </test-method> <!-- signIn_TC1 -->
        <test-method is-config="true" signature="afterMethod()[pri:0, instance:com.clinic.testcases.TestCase_SignIn@2cdd0d4b]" started-at="2023-12-27T09:25:26Z" name="afterMethod" finished-at="2023-12-27T09:25:29Z" duration-ms="3577" status="PASS">
          <reporter-output>
          </reporter-output>
        </test-method> <!-- afterMethod -->
        <test-method is-config="true" signature="beforeMethod()[pri:0, instance:com.clinic.testcases.TestCase_SignIn@2cdd0d4b]" started-at="2023-12-27T09:25:29Z" name="beforeMethod" finished-at="2023-12-27T09:25:43Z" duration-ms="13807" status="PASS">
          <reporter-output>
          </reporter-output>
        </test-method> <!-- beforeMethod -->
        <test-method signature="signIn_TC2()[pri:2, instance:com.clinic.testcases.TestCase_SignIn@2cdd0d4b]" started-at="2023-12-27T09:25:43Z" name="signIn_TC2" finished-at="2023-12-27T09:25:56Z" duration-ms="12811" status="PASS">
          <reporter-output>
            <line>
              <![CDATA[Sign in action is not successfully performed]]>
            </line>
          </reporter-output>
        </test-method> <!-- signIn_TC2 -->
        <test-method is-config="true" signature="afterMethod()[pri:0, instance:com.clinic.testcases.TestCase_SignIn@2cdd0d4b]" started-at="2023-12-27T09:25:56Z" name="afterMethod" finished-at="2023-12-27T09:25:59Z" duration-ms="3267" status="PASS">
          <reporter-output>
          </reporter-output>
        </test-method> <!-- afterMethod -->
        <test-method is-config="true" signature="beforeMethod()[pri:0, instance:com.clinic.testcases.TestCase_SignIn@2cdd0d4b]" started-at="2023-12-27T09:25:59Z" name="beforeMethod" finished-at="2023-12-27T09:26:13Z" duration-ms="13429" status="PASS">
          <reporter-output>
          </reporter-output>
        </test-method> <!-- beforeMethod -->
        <test-method signature="signIn_TC3()[pri:3, instance:com.clinic.testcases.TestCase_SignIn@2cdd0d4b]" started-at="2023-12-27T09:26:13Z" name="signIn_TC3" finished-at="2023-12-27T09:26:23Z" duration-ms="10232" status="PASS">
          <reporter-output>
            <line>
              <![CDATA[Sign in action is not successfully performed]]>
            </line>
          </reporter-output>
        </test-method> <!-- signIn_TC3 -->
        <test-method is-config="true" signature="afterMethod()[pri:0, instance:com.clinic.testcases.TestCase_SignIn@2cdd0d4b]" started-at="2023-12-27T09:26:23Z" name="afterMethod" finished-at="2023-12-27T09:26:28Z" duration-ms="4620" status="PASS">
          <reporter-output>
          </reporter-output>
        </test-method> <!-- afterMethod -->
        <test-method is-config="true" signature="beforeMethod()[pri:0, instance:com.clinic.testcases.TestCase_SignIn@2cdd0d4b]" started-at="2023-12-27T09:26:28Z" name="beforeMethod" finished-at="2023-12-27T09:26:43Z" duration-ms="15494" status="PASS">
          <reporter-output>
          </reporter-output>
        </test-method> <!-- beforeMethod -->
        <test-method signature="signIn_TC4()[pri:4, instance:com.clinic.testcases.TestCase_SignIn@2cdd0d4b]" started-at="2023-12-27T09:26:43Z" name="signIn_TC4" finished-at="2023-12-27T09:26:53Z" duration-ms="9530" status="PASS">
          <reporter-output>
            <line>
              <![CDATA[Sign in action is not successfully performed]]>
            </line>
          </reporter-output>
        </test-method> <!-- signIn_TC4 -->
        <test-method is-config="true" signature="afterMethod()[pri:0, instance:com.clinic.testcases.TestCase_SignIn@2cdd0d4b]" started-at="2023-12-27T09:26:53Z" name="afterMethod" finished-at="2023-12-27T09:26:56Z" duration-ms="3419" status="PASS">
          <reporter-output>
          </reporter-output>
        </test-method> <!-- afterMethod -->
        <test-method is-config="true" signature="beforeMethod()[pri:0, instance:com.clinic.testcases.TestCase_SignIn@2cdd0d4b]" started-at="2023-12-27T09:26:56Z" name="beforeMethod" finished-at="2023-12-27T09:27:09Z" duration-ms="13272" status="PASS">
          <reporter-output>
          </reporter-output>
        </test-method> <!-- beforeMethod -->
        <test-method signature="signIn_TC5()[pri:5, instance:com.clinic.testcases.TestCase_SignIn@2cdd0d4b]" started-at="2023-12-27T09:27:09Z" name="signIn_TC5" finished-at="2023-12-27T09:27:19Z" duration-ms="9859" status="PASS">
          <reporter-output>
            <line>
              <![CDATA[Sign in action is not successfully performed]]>
            </line>
          </reporter-output>
        </test-method> <!-- signIn_TC5 -->
        <test-method is-config="true" signature="afterMethod()[pri:0, instance:com.clinic.testcases.TestCase_SignIn@2cdd0d4b]" started-at="2023-12-27T09:27:19Z" name="afterMethod" finished-at="2023-12-27T09:27:22Z" duration-ms="2971" status="PASS">
          <reporter-output>
          </reporter-output>
        </test-method> <!-- afterMethod -->
        <test-method is-config="true" signature="beforeMethod()[pri:0, instance:com.clinic.testcases.TestCase_SignIn@2cdd0d4b]" started-at="2023-12-27T09:27:22Z" name="beforeMethod" finished-at="2023-12-27T09:27:36Z" duration-ms="13440" status="PASS">
          <reporter-output>
          </reporter-output>
        </test-method> <!-- beforeMethod -->
        <test-method signature="signIn_TC6()[pri:6, instance:com.clinic.testcases.TestCase_SignIn@2cdd0d4b]" started-at="2023-12-27T09:27:36Z" name="signIn_TC6" finished-at="2023-12-27T09:27:46Z" duration-ms="10496" status="PASS">
          <reporter-output>
            <line>
              <![CDATA[Sign in action is not successfully performed]]>
            </line>
          </reporter-output>
        </test-method> <!-- signIn_TC6 -->
        <test-method is-config="true" signature="afterMethod()[pri:0, instance:com.clinic.testcases.TestCase_SignIn@2cdd0d4b]" started-at="2023-12-27T09:27:46Z" name="afterMethod" finished-at="2023-12-27T09:27:49Z" duration-ms="3390" status="PASS">
          <reporter-output>
          </reporter-output>
        </test-method> <!-- afterMethod -->
      </class> <!-- com.clinic.testcases.TestCase_SignIn -->
    </test> <!-- Test -->
  </suite> <!-- Suite -->
</testng-results>
