-------------------------------------------------------------------------------
Test set: TestSuite
-------------------------------------------------------------------------------
Tests run: 1, Failures: 1, Errors: 0, Skipped: 0, Time elapsed: 21.646 s <<< FAILURE! - in TestSuite
signIn_TC1(com.clinic.testcases.TestCase_SignIn)  Time elapsed: 0.115 s  <<< FAILURE!
java.io.FileNotFoundException: C:\Users\HUY.NX183556\java\eclipse\workspace\DoAn_2023\src\main\java\com\clinic\testData\Test_Data.xlsx (The process cannot access the file because it is being used by another process)
	at com.clinic.testcases.TestCase_SignIn.signIn_TC1(TestCase_SignIn.java:52)

