<?xml version="1.0" encoding="UTF-8"?>
<testng-results ignored="0" total="1" passed="1" failed="0" skipped="0">
  <reporter-output>
    <line>
      <![CDATA[Sign in action successfully]]>
    </line>
  </reporter-output>
  <suite started-at="2023-12-23T14:30:56Z" name="Default suite" finished-at="2023-12-23T14:31:13Z" duration-ms="16612">
    <groups>
    </groups>
    <test started-at="2023-12-23T14:30:56Z" name="Default test" finished-at="2023-12-23T14:31:13Z" duration-ms="16612">
      <class name="com.clinic.testcases.TestCase_SignIn">
        <test-method is-config="true" signature="beforeMethod()[pri:0, instance:com.clinic.testcases.TestCase_SignIn@545b995e]" started-at="2023-12-23T21:30:56Z" name="beforeMethod" finished-at="2023-12-23T21:31:08Z" duration-ms="11570" status="PASS">
          <reporter-output>
          </reporter-output>
        </test-method> <!-- beforeMethod -->
        <test-method signature="signIn_TC1()[pri:1, instance:com.clinic.testcases.TestCase_SignIn@545b995e]" started-at="2023-12-23T21:31:08Z" name="signIn_TC1" finished-at="2023-12-23T21:31:10Z" duration-ms="2810" status="PASS">
          <reporter-output>
            <line>
              <![CDATA[Sign in action successfully]]>
            </line>
          </reporter-output>
        </test-method> <!-- signIn_TC1 -->
        <test-method is-config="true" signature="afterMethod()[pri:0, instance:com.clinic.testcases.TestCase_SignIn@545b995e]" started-at="2023-12-23T21:31:10Z" name="afterMethod" finished-at="2023-12-23T21:31:13Z" duration-ms="2182" status="PASS">
          <reporter-output>
          </reporter-output>
        </test-method> <!-- afterMethod -->
      </class> <!-- com.clinic.testcases.TestCase_SignIn -->
    </test> <!-- Default test -->
  </suite> <!-- Default suite -->
</testng-results>
