<?xml version="1.0" encoding="UTF-8"?>
<testng-results ignored="0" total="6" passed="6" failed="0" skipped="0">
  <reporter-output>
    <line>
      <![CDATA[Sign in action successfully performed]]>
    </line>
    <line>
      <![CDATA[Sign in action is not successfully performed]]>
    </line>
    <line>
      <![CDATA[Sign in action is not successfully performed]]>
    </line>
    <line>
      <![CDATA[Sign in action is not successfully performed]]>
    </line>
    <line>
      <![CDATA[Sign in action is not successfully performed]]>
    </line>
    <line>
      <![CDATA[Sign in action is not successfully performed]]>
    </line>
  </reporter-output>
  <suite started-at="2023-12-26T16:59:55Z" name="Default suite" finished-at="2023-12-26T17:02:45Z" duration-ms="170019">
    <groups>
    </groups>
    <test started-at="2023-12-26T16:59:55Z" name="Default test" finished-at="2023-12-26T17:02:45Z" duration-ms="170019">
      <class name="com.clinic.testcases.TestCase_SignIn">
        <test-method is-config="true" signature="beforeMethod()[pri:0, instance:com.clinic.testcases.TestCase_SignIn@29526c05]" started-at="2023-12-26T23:59:55Z" name="beforeMethod" finished-at="2023-12-27T00:00:20Z" duration-ms="25072" status="PASS">
          <reporter-output>
          </reporter-output>
        </test-method> <!-- beforeMethod -->
        <test-method signature="signIn_TC1()[pri:1, instance:com.clinic.testcases.TestCase_SignIn@29526c05]" started-at="2023-12-27T00:00:20Z" name="signIn_TC1" finished-at="2023-12-27T00:00:33Z" duration-ms="12517" status="PASS">
          <reporter-output>
            <line>
              <![CDATA[Sign in action successfully performed]]>
            </line>
          </reporter-output>
        </test-method> <!-- signIn_TC1 -->
        <test-method is-config="true" signature="afterMethod()[pri:0, instance:com.clinic.testcases.TestCase_SignIn@29526c05]" started-at="2023-12-27T00:00:33Z" name="afterMethod" finished-at="2023-12-27T00:00:37Z" duration-ms="4009" status="PASS">
          <reporter-output>
          </reporter-output>
        </test-method> <!-- afterMethod -->
        <test-method is-config="true" signature="beforeMethod()[pri:0, instance:com.clinic.testcases.TestCase_SignIn@29526c05]" started-at="2023-12-27T00:00:37Z" name="beforeMethod" finished-at="2023-12-27T00:00:49Z" duration-ms="12102" status="PASS">
          <reporter-output>
          </reporter-output>
        </test-method> <!-- beforeMethod -->
        <test-method signature="signIn_TC2()[pri:2, instance:com.clinic.testcases.TestCase_SignIn@29526c05]" started-at="2023-12-27T00:00:49Z" name="signIn_TC2" finished-at="2023-12-27T00:00:59Z" duration-ms="10009" status="PASS">
          <reporter-output>
            <line>
              <![CDATA[Sign in action is not successfully performed]]>
            </line>
          </reporter-output>
        </test-method> <!-- signIn_TC2 -->
        <test-method is-config="true" signature="afterMethod()[pri:0, instance:com.clinic.testcases.TestCase_SignIn@29526c05]" started-at="2023-12-27T00:00:59Z" name="afterMethod" finished-at="2023-12-27T00:01:02Z" duration-ms="3041" status="PASS">
          <reporter-output>
          </reporter-output>
        </test-method> <!-- afterMethod -->
        <test-method is-config="true" signature="beforeMethod()[pri:0, instance:com.clinic.testcases.TestCase_SignIn@29526c05]" started-at="2023-12-27T00:01:02Z" name="beforeMethod" finished-at="2023-12-27T00:01:14Z" duration-ms="12259" status="PASS">
          <reporter-output>
          </reporter-output>
        </test-method> <!-- beforeMethod -->
        <test-method signature="signIn_TC3()[pri:3, instance:com.clinic.testcases.TestCase_SignIn@29526c05]" started-at="2023-12-27T00:01:14Z" name="signIn_TC3" finished-at="2023-12-27T00:01:24Z" duration-ms="9609" status="PASS">
          <reporter-output>
            <line>
              <![CDATA[Sign in action is not successfully performed]]>
            </line>
          </reporter-output>
        </test-method> <!-- signIn_TC3 -->
        <test-method is-config="true" signature="afterMethod()[pri:0, instance:com.clinic.testcases.TestCase_SignIn@29526c05]" started-at="2023-12-27T00:01:24Z" name="afterMethod" finished-at="2023-12-27T00:01:26Z" duration-ms="2750" status="PASS">
          <reporter-output>
          </reporter-output>
        </test-method> <!-- afterMethod -->
        <test-method is-config="true" signature="beforeMethod()[pri:0, instance:com.clinic.testcases.TestCase_SignIn@29526c05]" started-at="2023-12-27T00:01:26Z" name="beforeMethod" finished-at="2023-12-27T00:01:38Z" duration-ms="12063" status="PASS">
          <reporter-output>
          </reporter-output>
        </test-method> <!-- beforeMethod -->
        <test-method signature="signIn_TC4()[pri:4, instance:com.clinic.testcases.TestCase_SignIn@29526c05]" started-at="2023-12-27T00:01:38Z" name="signIn_TC4" finished-at="2023-12-27T00:01:48Z" duration-ms="9797" status="PASS">
          <reporter-output>
            <line>
              <![CDATA[Sign in action is not successfully performed]]>
            </line>
          </reporter-output>
        </test-method> <!-- signIn_TC4 -->
        <test-method is-config="true" signature="afterMethod()[pri:0, instance:com.clinic.testcases.TestCase_SignIn@29526c05]" started-at="2023-12-27T00:01:48Z" name="afterMethod" finished-at="2023-12-27T00:01:51Z" duration-ms="3187" status="PASS">
          <reporter-output>
          </reporter-output>
        </test-method> <!-- afterMethod -->
        <test-method is-config="true" signature="beforeMethod()[pri:0, instance:com.clinic.testcases.TestCase_SignIn@29526c05]" started-at="2023-12-27T00:01:51Z" name="beforeMethod" finished-at="2023-12-27T00:02:04Z" duration-ms="12135" status="PASS">
          <reporter-output>
          </reporter-output>
        </test-method> <!-- beforeMethod -->
        <test-method signature="signIn_TC5()[pri:5, instance:com.clinic.testcases.TestCase_SignIn@29526c05]" started-at="2023-12-27T00:02:04Z" name="signIn_TC5" finished-at="2023-12-27T00:02:14Z" duration-ms="10363" status="PASS">
          <reporter-output>
            <line>
              <![CDATA[Sign in action is not successfully performed]]>
            </line>
          </reporter-output>
        </test-method> <!-- signIn_TC5 -->
        <test-method is-config="true" signature="afterMethod()[pri:0, instance:com.clinic.testcases.TestCase_SignIn@29526c05]" started-at="2023-12-27T00:02:14Z" name="afterMethod" finished-at="2023-12-27T00:02:17Z" duration-ms="3325" status="PASS">
          <reporter-output>
          </reporter-output>
        </test-method> <!-- afterMethod -->
        <test-method is-config="true" signature="beforeMethod()[pri:0, instance:com.clinic.testcases.TestCase_SignIn@29526c05]" started-at="2023-12-27T00:02:17Z" name="beforeMethod" finished-at="2023-12-27T00:02:30Z" duration-ms="12954" status="PASS">
          <reporter-output>
          </reporter-output>
        </test-method> <!-- beforeMethod -->
        <test-method signature="signIn_TC6()[pri:6, instance:com.clinic.testcases.TestCase_SignIn@29526c05]" started-at="2023-12-27T00:02:30Z" name="signIn_TC6" finished-at="2023-12-27T00:02:40Z" duration-ms="10121" status="PASS">
          <reporter-output>
            <line>
              <![CDATA[Sign in action is not successfully performed]]>
            </line>
          </reporter-output>
        </test-method> <!-- signIn_TC6 -->
        <test-method is-config="true" signature="afterMethod()[pri:0, instance:com.clinic.testcases.TestCase_SignIn@29526c05]" started-at="2023-12-27T00:02:40Z" name="afterMethod" finished-at="2023-12-27T00:02:45Z" duration-ms="4628" status="PASS">
          <reporter-output>
          </reporter-output>
        </test-method> <!-- afterMethod -->
      </class> <!-- com.clinic.testcases.TestCase_SignIn -->
    </test> <!-- Default test -->
  </suite> <!-- Default suite -->
</testng-results>
